Case #1: 4 9
Case #2: 1 1
Case #3: 3 8
Case #4: 4 6
Case #5: 0 0
Case #6: 3 8
Case #7: 2 7
Case #8: 0 0
Case #9: 10 10
Case #10: 0 0
Case #11: 3 9
Case #12: 2 8
Case #13: 4 6
Case #14: 1 6
Case #15: 2 9
Case #16: 2 2
Case #17: 4 10
Case #18: 0 0
Case #19: 0 0
Case #20: 2 3
Case #21: 3 3
Case #22: 10 10
Case #23: 1 7
Case #24: 1 5
Case #25: 10 10
Case #26: 1 2
Case #27: 1 2
Case #28: 9 9
Case #29: 3 9
Case #30: 1 5
Case #31: 4 8
Case #32: 1 7
Case #33: 0 0
Case #34: 2 4
Case #35: 3 7
Case #36: 0 0
Case #37: 1 6
Case #38: 2 3
Case #39: 0 0
Case #40: 2 2
Case #41: 1 5
Case #42: 1 6
Case #43: 2 5
Case #44: 1 7
Case #45: 10 10
Case #46: 2 9
Case #47: 8 8
Case #48: 1 1
Case #49: 1 7
Case #50: 2 2
