Case #1: 7 3
Case #2: 9 5
Case #3: 7 0
Case #4: 4 0
Case #5: 10 10
Case #6: 10 10
Case #7: 6 2
Case #8: 7 1
Case #9: 10 10
Case #10: 1 1
Case #11: 8 2
Case #12: 3 2
Case #13: 9 3
Case #14: 9 5
Case #15: 0 0
Case #16: 3 3
Case #17: 5 2
Case #18: 0 0
Case #19: 9 2
Case #20: 6 2
Case #21: 3 2
Case #22: 1 1
Case #23: 0 0
Case #24: 8 3
Case #25: 9 5
Case #26: 7 1
Case #27: 2 0
Case #28: 8 3
Case #29: 7 3
Case #30: 8 3
Case #31: 3 3
Case #32: 7 3
Case #33: 9 2
Case #34: 4 3
Case #35: 0 0
Case #36: 9 4
Case #37: 4 2
Case #38: 9 2
Case #39: 8 6
Case #40: 10 10
Case #41: 8 2
Case #42: 0 0
Case #43: 0 0
Case #44: 0 0
Case #45: 9 4
Case #46: 0 0
Case #47: 5 1
Case #48: 8 2
Case #49: 6 1
Case #50: 7 1
