Case #1: 2 8
Case #2: 4 8
Case #3: 0 0
Case #4: 3 9
Case #5: 1 8
Case #6: 0 0
Case #7: 0 0
Case #8: 2 6
Case #9: 0 0
Case #10: 0 1
Case #11: 1 6
Case #12: 2 2
Case #13: 0 5
Case #14: 2 4
Case #15: 0 5
Case #16: 1 2
Case #17: 2 9
Case #18: 10 10
Case #19: 3 7
Case #20: 2 9
Case #21: 2 8
Case #22: 1 1
Case #23: 5 5
Case #24: 10 10
Case #25: 0 0
Case #26: 3 4
Case #27: 4 4
Case #28: 1 1
Case #29: 0 0
Case #30: 3 8
Case #31: 0 0
Case #32: 1 6
Case #33: 0 0
Case #34: 10 10
Case #35: 1 1
Case #36: 2 3
Case #37: 10 10
Case #38: 4 9
Case #39: 2 9
Case #40: 4 8
Case #41: 4 9
Case #42: 0 0
Case #43: 3 9
Case #44: 0 7
Case #45: 3 5
Case #46: 2 6
Case #47: 8 8
Case #48: 0 0
Case #49: 3 6
Case #50: 9 9
