Case #1: 3 4 6
Case #2: 3 8 12 13 14 15 26
Case #3: 2 6
Case #4: 1 3 5 7 15 29 43
Case #5: 4 7 9 10 15 17 20 22 24
Case #6: 4 8 11 13 15 17 20
Case #7: 2 5 8 12 17 21 23 28 32
Case #8: 3 5 9 13
Case #9: 2 5 7 9 10
Case #10: 4 6 9 11 15 19 23 25 27 29
Case #11: 4 5
Case #12: 1 2 3
Case #13: 2 3 5 7
Case #14: 22 222
Case #15: 3 7 9 11 14 18 19 22 25 28
Case #16: 2 6
Case #17: 1 3 5 7 9
Case #18: 4 8
Case #19: 2 3 4
Case #20: 2 3 7 10 11 12 16
Case #21: 2 4
Case #22: 1 3 5 13
Case #23: 1 3 4 6 11 15 19
Case #24: 3 5 6 8 10 11 13
Case #25: 1 2 3 5 7 8 10
Case #26: 2 3 5 7 9 10 12 13
Case #27: 3 4 7 9 11 12 14 17 19 23
Case #28: 2 5 6 9 11 14 16 18 21
Case #29: 2 3 5 6 8 10 11 12
Case #30: 2 4 5 6 8 10 12 14 15 17
Case #31: 1 2 3 4 5 6 7 8 9 46
Case #32: 1 3 5 7 10 12 14 18
Case #33: 1 3 5
Case #34: 2 18 30 35 44 62 63 71 94 108
Case #35: 3 4 5
Case #36: 2 4 7 10 11 12 14 17 23
Case #37: 1 4 5 9 11 14 16 19
Case #38: 2 4 5 9
Case #39: 2 3 4 5
Case #40: 3 7
Case #41: 1 3 5 9 10 14 17 18 21
Case #42: 23 25 40 60
Case #43: 2 5 6 7 9 12 15
Case #44: 5 10 12
Case #45: 1 2 4 7 9 11 31 51 71 91
Case #46: 6 7 8 9 10 11 12 13 14 15
Case #47: 1 3 6 8
Case #48: 2 22
Case #49: 15 29 35 49 60 70 76
Case #50: 2 3 4 5 6 7 8
