Case #1: 3 4 6
Case #2: 11 14 4 1 15 12 7 1 7
Case #3: 8 6 5 3
Case #4: 8 13 6 17 4 17 3 16
Case #5: 7 2 11 4 2
Case #6: 2 6
Case #7: 99 74 58 119 43 33 16 146 123 132
Case #8: 1 2 3 1
Case #9: 4 2
Case #10: 1 5
Case #11: 5 7 1 7 6 5 6
Case #12: 2 5 3 6 1 3 1 9 8 4
Case #13: 14 6 15 11 18 4
Case #14: 2 4
Case #15: 4 4 5
Case #16: 22 22
Case #17: 2 7 13 4 3 11 10 2 12 12
Case #18: 21 16 21 8 13 18 11 12 12 16
Case #19: 2 6 4 4
Case #20: 57 21 2 27 96 2 32
Case #21: 16 10 26 28
Case #22: 9 4 3 5 7 5 13
Case #23: 2 7 4
Case #24: 1 2 3 10 15 8 2
Case #25: 1 1 3
Case #26: 2 1 2
Case #27: 5 8 2 8 9 7 5
Case #28: 2 1
Case #29: 61 51 11 2 10 41 3 1 8 71
Case #30: 4 2
Case #31: 11 7 5
Case #32: 17 8 4 10 10 5 1 8 7 13
Case #33: 5 12 5
Case #34: 1 3 6 3
Case #35: 2 2
Case #36: 1 2 4 2
Case #37: 3 3 8 2
Case #38: 2 15 43 36 5 1 4
Case #39: 9 12 17 1 10 19 16 8 3
Case #40: 2 2
Case #41: 2 8 11 9
Case #42: 5 7 13 3 8 20 12 5 16
Case #43: 8 9 6 3 4 5 1
Case #44: 9 7 13 12 3 14 12 7
Case #45: 10 5 7 1 3 2 5 3 9 8
Case #46: 3 3 6
Case #47: 7 1 6 2
Case #48: 6 1 3 2 22 3 1
Case #49: 8 9 8 15 10 5 13 11 13
Case #50: 2 2 3
